<?xml version="1.0" encoding="UTF-8"?>
<robot generator="Robot 5.0 (Python 3.10.2 on win32)" generated="20220919 20:31:52.610" rpa="false" schemaversion="3">
<suite id="s1" name="AddCustomers" source="C:\Users\SauravSharma\PycharmProjects\RobotFrameworkPOM\TestCases\AddCustomers.robot">
<test id="s1-t1" name="Adding New User" line="19">
<kw name="Valid Login">
<arg>${userEmailLogin}</arg>
<arg>${userPasswordLogin}</arg>
<kw name="Set Selenium Speed" library="SeleniumLibrary">
<arg>2</arg>
<doc>Sets the delay that is waited after each Selenium command.</doc>
<status status="PASS" starttime="20220919 20:31:52.895" endtime="20220919 20:31:52.895"/>
</kw>
<kw name="Open Browser" library="SeleniumLibrary">
<arg>${url}</arg>
<arg>${Browser}</arg>
<doc>Opens a new browser instance to the optional ``url``.</doc>
<msg timestamp="20220919 20:31:52.895" level="INFO">Opening browser 'ff' to base url 'https://admin-demo.nopcommerce.com/'.</msg>
<msg timestamp="20220919 20:31:52.895" level="INFO">Firefox driver log is always forced to to: C:\Users\SauravSharma\PycharmProjects\RobotFrameworkPOM\geckodriver-1.log</msg>
<status status="PASS" starttime="20220919 20:31:52.895" endtime="20220919 20:32:04.234"/>
</kw>
<kw name="Enter UserName" library="LoginKeywords">
<arg>${username}</arg>
<kw name="Input Text" library="SeleniumLibrary">
<arg>${loginUserName}</arg>
<arg>${username}</arg>
<doc>Types the given ``text`` into the text field identified by ``locator``.</doc>
<msg timestamp="20220919 20:32:04.234" level="INFO">Typing text 'admin@yourstore.com' into text field 'xpath://input[@id='Email']'.</msg>
<status status="PASS" starttime="20220919 20:32:04.234" endtime="20220919 20:32:10.365"/>
</kw>
<status status="PASS" starttime="20220919 20:32:04.234" endtime="20220919 20:32:10.365"/>
</kw>
<kw name="Enter Password" library="LoginKeywords">
<arg>${password}</arg>
<kw name="Input Text" library="SeleniumLibrary">
<arg>${loginPassword}</arg>
<arg>${password}</arg>
<doc>Types the given ``text`` into the text field identified by ``locator``.</doc>
<msg timestamp="20220919 20:32:10.365" level="INFO">Typing text 'admin' into text field 'xpath://input[@id='Password']'.</msg>
<status status="PASS" starttime="20220919 20:32:10.365" endtime="20220919 20:32:16.497"/>
</kw>
<status status="PASS" starttime="20220919 20:32:10.365" endtime="20220919 20:32:16.497"/>
</kw>
<kw name="Click SignIn" library="LoginKeywords">
<kw name="Click Button" library="SeleniumLibrary">
<arg>${loginButton}</arg>
<doc>Clicks the button identified by ``locator``.</doc>
<msg timestamp="20220919 20:32:16.497" level="INFO">Clicking button 'xpath://button[@type='submit']'.</msg>
<status status="PASS" starttime="20220919 20:32:16.497" endtime="20220919 20:32:28.481"/>
</kw>
<status status="PASS" starttime="20220919 20:32:16.497" endtime="20220919 20:32:28.481"/>
</kw>
<status status="PASS" starttime="20220919 20:31:52.895" endtime="20220919 20:32:28.481"/>
</kw>
<kw name="Click Element" library="SeleniumLibrary">
<arg>${btnCustomers}</arg>
<doc>Click the element identified by ``locator``.</doc>
<msg timestamp="20220919 20:32:28.481" level="INFO">Clicking element '//a[@href='#']//p[contains(text(),'Customers')]'.</msg>
<status status="PASS" starttime="20220919 20:32:28.481" endtime="20220919 20:32:32.780"/>
</kw>
<kw name="Click Element" library="SeleniumLibrary">
<arg>${btnCustomers1}</arg>
<doc>Click the element identified by ``locator``.</doc>
<msg timestamp="20220919 20:32:32.780" level="INFO">Clicking element '//a[@href='/Admin/Customer/List']//p[contains(text(),'Customers')]'.</msg>
<status status="PASS" starttime="20220919 20:32:32.780" endtime="20220919 20:32:37.815"/>
</kw>
<kw name="Select From List By Value" library="SeleniumLibrary">
<arg>xpath://select[@name='customers-grid_length']</arg>
<arg>100</arg>
<doc>Selects options from selection list ``locator`` by ``values``.</doc>
<msg timestamp="20220919 20:32:37.815" level="INFO">Selecting options from selection list 'xpath://select[@name='customers-grid_length']' by value 100.</msg>
<status status="PASS" starttime="20220919 20:32:37.815" endtime="20220919 20:32:52.188"/>
</kw>
<kw name="Set Selenium Implicit Wait" library="SeleniumLibrary">
<arg>5</arg>
<doc>Sets the implicit wait value used by Selenium.</doc>
<status status="PASS" starttime="20220919 20:32:52.188" endtime="20220919 20:32:54.210"/>
</kw>
<kw name="Enter EmailOfUserWhomeYouHaveToDelete" library="DeleteKeywords">
<arg>${SearchingUser}</arg>
<kw name="Input Text" library="SeleniumLibrary">
<arg>${inputEmailofUser}</arg>
<arg>${email}</arg>
<doc>Types the given ``text`` into the text field identified by ``locator``.</doc>
<msg timestamp="20220919 20:32:54.214" level="INFO">Typing text 'brenda_lindgren@nopCommerce.com' into text field '//input[@name='SearchEmail']'.</msg>
<status status="PASS" starttime="20220919 20:32:54.210" endtime="20220919 20:33:00.342"/>
</kw>
<status status="PASS" starttime="20220919 20:32:54.210" endtime="20220919 20:33:00.342"/>
</kw>
<kw name="Click SearchButton" library="DeleteKeywords">
<kw name="Click Button" library="SeleniumLibrary">
<arg>${searchButton}</arg>
<doc>Clicks the button identified by ``locator``.</doc>
<msg timestamp="20220919 20:33:00.346" level="INFO">Clicking button '//button[@id='search-customers']'.</msg>
<status status="PASS" starttime="20220919 20:33:00.342" endtime="20220919 20:33:10.692"/>
</kw>
<status status="PASS" starttime="20220919 20:33:00.342" endtime="20220919 20:33:10.692"/>
</kw>
<kw name="Get Element Count" library="SeleniumLibrary">
<var>${usersCount}</var>
<arg>//a[contains(text(),'Edit')]</arg>
<doc>Returns the number of elements matching ``locator``.</doc>
<msg timestamp="20220919 20:33:12.703" level="INFO">${usersCount} = 1</msg>
<status status="PASS" starttime="20220919 20:33:10.692" endtime="20220919 20:33:12.703"/>
</kw>
<kw name="Log To Console" library="BuiltIn">
<arg>${usersCount}</arg>
<doc>Logs the given message to the console.</doc>
<status status="PASS" starttime="20220919 20:33:12.703" endtime="20220919 20:33:12.703"/>
</kw>
<kw name="Run Keyword If" library="BuiltIn">
<arg>${usersCount} == 0</arg>
<arg>Adding The User</arg>
<arg>ELSE IF</arg>
<arg>${usersCount} &gt;= 1</arg>
<arg>Deleting The User</arg>
<doc>Runs the given keyword with the given arguments, if ``condition`` is true.</doc>
<kw name="Deleting The User">
<kw name="Set Selenium Implicit Wait" library="SeleniumLibrary">
<arg>10</arg>
<doc>Sets the implicit wait value used by Selenium.</doc>
<status status="PASS" starttime="20220919 20:33:12.703" endtime="20220919 20:33:14.721"/>
</kw>
<kw name="Click EditButton" library="DeleteKeywords">
<kw name="Click Link" library="SeleniumLibrary">
<arg>${editButton}</arg>
<doc>Clicks a link identified by ``locator``.</doc>
<msg timestamp="20220919 20:33:14.721" level="INFO">Clicking link '//a[contains(text(),'Edit')]'.</msg>
<status status="PASS" starttime="20220919 20:33:14.721" endtime="20220919 20:33:21.956"/>
</kw>
<status status="PASS" starttime="20220919 20:33:14.721" endtime="20220919 20:33:21.956"/>
</kw>
<kw name="Click DeleteButton" library="DeleteKeywords">
<kw name="Click Element" library="SeleniumLibrary">
<arg>${deleteButton}</arg>
<doc>Click the element identified by ``locator``.</doc>
<msg timestamp="20220919 20:33:21.956" level="INFO">Clicking element '//span[@id='customer-delete']/i'.</msg>
<status status="PASS" starttime="20220919 20:33:21.956" endtime="20220919 20:33:26.237"/>
</kw>
<status status="PASS" starttime="20220919 20:33:21.956" endtime="20220919 20:33:26.237"/>
</kw>
<kw name="Click Element" library="SeleniumLibrary">
<arg>xpath://div[@class='modal-footer']//button[contains(text(),'Delete')]</arg>
<doc>Click the element identified by ``locator``.</doc>
<msg timestamp="20220919 20:33:26.237" level="INFO">Clicking element 'xpath://div[@class='modal-footer']//button[contains(text(),'Delete')]'.</msg>
<status status="PASS" starttime="20220919 20:33:26.237" endtime="20220919 20:33:31.378"/>
</kw>
<kw name="Capture Page Screenshot" library="SeleniumLibrary">
<arg>ScreenShots/DeletedUserWhileAddingUser.png</arg>
<doc>Takes a screenshot of the current page and embeds it into a log file.</doc>
<msg timestamp="20220919 20:33:33.486" level="INFO" html="true">&lt;/td&gt;&lt;/tr&gt;&lt;tr&gt;&lt;td colspan="3"&gt;&lt;a href="ScreenShots/DeletedUserWhileAddingUser.png"&gt;&lt;img src="ScreenShots/DeletedUserWhileAddingUser.png" width="800px"&gt;&lt;/a&gt;</msg>
<status status="PASS" starttime="20220919 20:33:31.378" endtime="20220919 20:33:33.486"/>
</kw>
<status status="PASS" starttime="20220919 20:33:12.703" endtime="20220919 20:33:33.486"/>
</kw>
<status status="PASS" starttime="20220919 20:33:12.703" endtime="20220919 20:33:33.486"/>
</kw>
<doc>This Test case is adding the user</doc>
<status status="PASS" starttime="20220919 20:31:52.895" endtime="20220919 20:33:33.490"/>
</test>
<status status="PASS" starttime="20220919 20:31:52.610" endtime="20220919 20:33:33.494"/>
</suite>
<statistics>
<total>
<stat pass="1" fail="0" skip="0">All Tests</stat>
</total>
<tag>
</tag>
<suite>
<stat pass="1" fail="0" skip="0" id="s1" name="AddCustomers">AddCustomers</stat>
</suite>
</statistics>
<errors>
<msg timestamp="20220919 20:31:52.895" level="ERROR">Error in file 'C:\Users\SauravSharma\PycharmProjects\RobotFrameworkPOM\Resources\DeleteKeywords.robot' on line 5: Error in file 'C:\Users\SauravSharma\PycharmProjects\RobotFrameworkPOM\TestCases\AddCustomers.robot' on line 18: Resource file with 'Test Cases' section is invalid.</msg>
<msg timestamp="20220919 20:31:52.895" level="ERROR">Error in file 'C:\Users\SauravSharma\PycharmProjects\RobotFrameworkPOM\TestCases\AddCustomers.robot' on line 9: Error in file 'C:\Users\SauravSharma\PycharmProjects\RobotFrameworkPOM\TestCases\AddCustomers.robot' on line 18: Resource file with 'Test Cases' section is invalid.</msg>
</errors>
</robot>
