<?xml version="1.0" encoding="UTF-8"?>
<robot generator="Robot 5.0 (Python 3.10.2 on win32)" generated="20220914 21:33:22.827" rpa="false" schemaversion="3">
<suite id="s1" name="TestCases" source="C:\Users\SauravSharma\PycharmProjects\RobotFrameworkPOM\TestCases">
<suite id="s1-s1" name="AddCustomers" source="C:\Users\SauravSharma\PycharmProjects\RobotFrameworkPOM\TestCases\AddCustomers.robot">
<test id="s1-s1-t1" name="Adding New User" line="13">
<kw name="Valid Login">
<arg>${userEmailLogin}</arg>
<arg>${userPasswordLogin}</arg>
<kw name="Set Selenium Speed" library="SeleniumLibrary">
<arg>2</arg>
<doc>Sets the delay that is waited after each Selenium command.</doc>
<status status="PASS" starttime="20220914 21:33:23.190" endtime="20220914 21:33:23.190"/>
</kw>
<kw name="Open Browser" library="SeleniumLibrary">
<arg>${url}</arg>
<arg>${Browser}</arg>
<doc>Opens a new browser instance to the optional ``url``.</doc>
<msg timestamp="20220914 21:33:23.190" level="INFO">Opening browser 'ff' to base url 'https://admin-demo.nopcommerce.com/'.</msg>
<msg timestamp="20220914 21:33:23.190" level="INFO">Firefox driver log is always forced to to: C:\Users\SauravSharma\PycharmProjects\RobotFrameworkPOM\geckodriver-39.log</msg>
<status status="PASS" starttime="20220914 21:33:23.190" endtime="20220914 21:33:32.464"/>
</kw>
<kw name="Enter UserName" library="LoginKeywords">
<arg>${username}</arg>
<kw name="Input Text" library="SeleniumLibrary">
<arg>${loginUserName}</arg>
<arg>${username}</arg>
<doc>Types the given ``text`` into the text field identified by ``locator``.</doc>
<msg timestamp="20220914 21:33:32.464" level="INFO">Typing text 'admin@yourstore.com' into text field 'xpath://input[@id='Email']'.</msg>
<status status="PASS" starttime="20220914 21:33:32.464" endtime="20220914 21:33:38.627"/>
</kw>
<status status="PASS" starttime="20220914 21:33:32.464" endtime="20220914 21:33:38.627"/>
</kw>
<kw name="Enter Password" library="LoginKeywords">
<arg>${password}</arg>
<kw name="Input Text" library="SeleniumLibrary">
<arg>${loginPassword}</arg>
<arg>${password}</arg>
<doc>Types the given ``text`` into the text field identified by ``locator``.</doc>
<msg timestamp="20220914 21:33:38.637" level="INFO">Typing text 'admin' into text field 'xpath://input[@id='Password']'.</msg>
<status status="PASS" starttime="20220914 21:33:38.627" endtime="20220914 21:33:44.756"/>
</kw>
<status status="PASS" starttime="20220914 21:33:38.627" endtime="20220914 21:33:44.756"/>
</kw>
<kw name="Click SignIn" library="LoginKeywords">
<kw name="Click Button" library="SeleniumLibrary">
<arg>${loginButton}</arg>
<doc>Clicks the button identified by ``locator``.</doc>
<msg timestamp="20220914 21:33:44.756" level="INFO">Clicking button 'xpath://button[@type='submit']'.</msg>
<status status="PASS" starttime="20220914 21:33:44.756" endtime="20220914 21:33:56.712"/>
</kw>
<status status="PASS" starttime="20220914 21:33:44.756" endtime="20220914 21:33:56.716"/>
</kw>
<status status="PASS" starttime="20220914 21:33:23.190" endtime="20220914 21:33:56.720"/>
</kw>
<kw name="Click Element" library="SeleniumLibrary">
<arg>${btnCustomers}</arg>
<doc>Click the element identified by ``locator``.</doc>
<msg timestamp="20220914 21:33:56.724" level="INFO">Clicking element '//a[@href='#']//p[contains(text(),'Customers')]'.</msg>
<status status="PASS" starttime="20220914 21:33:56.720" endtime="20220914 21:34:01.019"/>
</kw>
<kw name="Click Element" library="SeleniumLibrary">
<arg>${btnCustomers1}</arg>
<doc>Click the element identified by ``locator``.</doc>
<msg timestamp="20220914 21:34:01.023" level="INFO">Clicking element '//a[@href='/Admin/Customer/List']//p[contains(text(),'Customers')]'.</msg>
<status status="PASS" starttime="20220914 21:34:01.023" endtime="20220914 21:34:06.158"/>
</kw>
<kw name="Click Element" library="SeleniumLibrary">
<arg>${btnAddNew}</arg>
<doc>Click the element identified by ``locator``.</doc>
<msg timestamp="20220914 21:34:06.160" level="INFO">Clicking element '//a[@class='btn btn-primary']'.</msg>
<status status="PASS" starttime="20220914 21:34:06.160" endtime="20220914 21:34:11.609"/>
</kw>
<kw name="Enter UserEmail" library="AddCustomersKeywords">
<arg>${EMAIL}</arg>
<kw name="Input Text" library="SeleniumLibrary">
<arg>${inputEmail}</arg>
<arg>${email}</arg>
<doc>Types the given ``text`` into the text field identified by ``locator``.</doc>
<msg timestamp="20220914 21:34:11.624" level="INFO">Typing text 'hrTvF@gmail.com' into text field 'id:Email'.</msg>
<status status="PASS" starttime="20220914 21:34:11.619" endtime="20220914 21:34:17.757"/>
</kw>
<status status="PASS" starttime="20220914 21:34:11.616" endtime="20220914 21:34:17.761"/>
</kw>
<kw name="Log To Console" library="BuiltIn">
<arg>${EMAIL}</arg>
<doc>Logs the given message to the console.</doc>
<status status="PASS" starttime="20220914 21:34:17.765" endtime="20220914 21:34:17.765"/>
</kw>
<kw name="Enter NewUserPassword" library="AddCustomersKeywords">
<arg>${PASSWORD}</arg>
<kw name="Input Text" library="SeleniumLibrary">
<arg>${inputPassword}</arg>
<arg>${NewUserpassword}</arg>
<doc>Types the given ``text`` into the text field identified by ``locator``.</doc>
<msg timestamp="20220914 21:34:17.777" level="INFO">Typing text 'HEdNWGLYqv' into text field 'name:Password'.</msg>
<status status="PASS" starttime="20220914 21:34:17.769" endtime="20220914 21:34:23.887"/>
</kw>
<status status="PASS" starttime="20220914 21:34:17.769" endtime="20220914 21:34:23.889"/>
</kw>
<kw name="Log To Console" library="BuiltIn">
<arg>${PASSWORD}</arg>
<doc>Logs the given message to the console.</doc>
<status status="PASS" starttime="20220914 21:34:23.893" endtime="20220914 21:34:23.897"/>
</kw>
<kw name="Enter UserFirstName" library="AddCustomersKeywords">
<arg>${FIRST_NAME}</arg>
<kw name="Input Text" library="SeleniumLibrary">
<arg>${inputFirstName}</arg>
<arg>${EnterFirstName}</arg>
<doc>Types the given ``text`` into the text field identified by ``locator``.</doc>
<msg timestamp="20220914 21:34:23.901" level="INFO">Typing text 'slomg' into text field 'name:FirstName'.</msg>
<status status="PASS" starttime="20220914 21:34:23.901" endtime="20220914 21:34:29.988"/>
</kw>
<status status="PASS" starttime="20220914 21:34:23.897" endtime="20220914 21:34:29.992"/>
</kw>
<kw name="Log To Console" library="BuiltIn">
<arg>${FIRST_NAME}</arg>
<doc>Logs the given message to the console.</doc>
<status status="PASS" starttime="20220914 21:34:29.996" endtime="20220914 21:34:29.996"/>
</kw>
<kw name="Enter UserLastName" library="AddCustomersKeywords">
<arg>${LAST_NAME}</arg>
<kw name="Input Text" library="SeleniumLibrary">
<arg>${inputLastName}</arg>
<arg>${EnterLastName}</arg>
<doc>Types the given ``text`` into the text field identified by ``locator``.</doc>
<msg timestamp="20220914 21:34:30.000" level="INFO">Typing text 'KH' into text field 'name:LastName'.</msg>
<status status="PASS" starttime="20220914 21:34:30.000" endtime="20220914 21:34:36.100"/>
</kw>
<status status="PASS" starttime="20220914 21:34:30.000" endtime="20220914 21:34:36.104"/>
</kw>
<kw name="Log To Console" library="BuiltIn">
<arg>${LAST_NAME}</arg>
<doc>Logs the given message to the console.</doc>
<status status="PASS" starttime="20220914 21:34:36.108" endtime="20220914 21:34:36.108"/>
</kw>
<kw name="Enter UserDOB" library="AddCustomersKeywords">
<arg>${DATE}</arg>
<kw name="Input Text" library="SeleniumLibrary">
<arg>${inputDOB}</arg>
<arg>${EnterDOB}</arg>
<doc>Types the given ``text`` into the text field identified by ``locator``.</doc>
<msg timestamp="20220914 21:34:36.116" level="INFO">Typing text '11/10/2021' into text field 'id:DateOfBirth'.</msg>
<status status="PASS" starttime="20220914 21:34:36.112" endtime="20220914 21:34:42.200"/>
</kw>
<status status="PASS" starttime="20220914 21:34:36.112" endtime="20220914 21:34:42.200"/>
</kw>
<kw name="Click Button" library="SeleniumLibrary">
<arg>${saveButton}</arg>
<doc>Clicks the button identified by ``locator``.</doc>
<msg timestamp="20220914 21:34:42.200" level="INFO">Clicking button '//button[@name='save']'.</msg>
<status status="PASS" starttime="20220914 21:34:42.200" endtime="20220914 21:34:54.468"/>
</kw>
<kw name="Verify Succesfully User Created" library="AddCustomersKeywords">
<kw name="Page Should Contain" library="SeleniumLibrary">
<arg>The new customer has been added successfully.</arg>
<doc>Verifies that current page contains ``text``.</doc>
<msg timestamp="20220914 21:34:58.524" level="INFO">Current page contains text 'The new customer has been added successfully.'.</msg>
<status status="PASS" starttime="20220914 21:34:54.476" endtime="20220914 21:34:58.525"/>
</kw>
<status status="PASS" starttime="20220914 21:34:54.476" endtime="20220914 21:34:58.529"/>
</kw>
<kw name="Capture Page Screenshot" library="SeleniumLibrary">
<arg>ScreenShots/AddedUser.png</arg>
<doc>Takes a screenshot of the current page and embeds it into a log file.</doc>
<msg timestamp="20220914 21:35:00.644" level="INFO" html="true">&lt;/td&gt;&lt;/tr&gt;&lt;tr&gt;&lt;td colspan="3"&gt;&lt;a href="ScreenShots/AddedUser.png"&gt;&lt;img src="ScreenShots/AddedUser.png" width="800px"&gt;&lt;/a&gt;</msg>
<status status="PASS" starttime="20220914 21:34:58.529" endtime="20220914 21:35:00.644"/>
</kw>
<kw name="Click Element" library="SeleniumLibrary">
<arg>${logoutButton}</arg>
<doc>Click the element identified by ``locator``.</doc>
<msg timestamp="20220914 21:35:00.656" level="INFO">Clicking element 'xpath://a[contains(text(),'Logout')]'.</msg>
<status status="PASS" starttime="20220914 21:35:00.652" endtime="20220914 21:35:06.324"/>
</kw>
<kw name="Close All Browsers" library="SeleniumLibrary">
<doc>Closes all open browsers and resets the browser cache.</doc>
<status status="PASS" starttime="20220914 21:35:06.328" endtime="20220914 21:35:09.221"/>
</kw>
<doc>This Test case is adding the user</doc>
<status status="PASS" starttime="20220914 21:33:23.174" endtime="20220914 21:35:09.236"/>
</test>
<status status="PASS" starttime="20220914 21:33:22.948" endtime="20220914 21:35:09.258"/>
</suite>
<suite id="s1-s2" name="CustomerRoles" source="C:\Users\SauravSharma\PycharmProjects\RobotFrameworkPOM\TestCases\CustomerRoles.robot">
<test id="s1-s2-t1" name="Customer Roles" line="17">
<kw name="Valid Login">
<arg>${userEmailLogin}</arg>
<arg>${userPasswordLogin}</arg>
<kw name="Set Selenium Speed" library="SeleniumLibrary">
<arg>2</arg>
<doc>Sets the delay that is waited after each Selenium command.</doc>
<status status="PASS" starttime="20220914 21:35:09.305" endtime="20220914 21:35:09.305"/>
</kw>
<kw name="Open Browser" library="SeleniumLibrary">
<arg>${url}</arg>
<arg>${Browser}</arg>
<doc>Opens a new browser instance to the optional ``url``.</doc>
<msg timestamp="20220914 21:35:09.305" level="INFO">Opening browser 'ff' to base url 'https://admin-demo.nopcommerce.com/'.</msg>
<msg timestamp="20220914 21:35:09.305" level="INFO">Firefox driver log is always forced to to: C:\Users\SauravSharma\PycharmProjects\RobotFrameworkPOM\geckodriver-40.log</msg>
<status status="PASS" starttime="20220914 21:35:09.305" endtime="20220914 21:35:19.477"/>
</kw>
<kw name="Enter UserName" library="LoginKeywords">
<arg>${username}</arg>
<kw name="Input Text" library="SeleniumLibrary">
<arg>${loginUserName}</arg>
<arg>${username}</arg>
<doc>Types the given ``text`` into the text field identified by ``locator``.</doc>
<msg timestamp="20220914 21:35:19.477" level="INFO">Typing text 'admin@yourstore.com' into text field 'xpath://input[@id='Email']'.</msg>
<status status="PASS" starttime="20220914 21:35:19.477" endtime="20220914 21:35:25.595"/>
</kw>
<status status="PASS" starttime="20220914 21:35:19.477" endtime="20220914 21:35:25.595"/>
</kw>
<kw name="Enter Password" library="LoginKeywords">
<arg>${password}</arg>
<kw name="Input Text" library="SeleniumLibrary">
<arg>${loginPassword}</arg>
<arg>${password}</arg>
<doc>Types the given ``text`` into the text field identified by ``locator``.</doc>
<msg timestamp="20220914 21:35:25.595" level="INFO">Typing text 'admin' into text field 'xpath://input[@id='Password']'.</msg>
<status status="PASS" starttime="20220914 21:35:25.595" endtime="20220914 21:35:31.675"/>
</kw>
<status status="PASS" starttime="20220914 21:35:25.595" endtime="20220914 21:35:31.675"/>
</kw>
<kw name="Click SignIn" library="LoginKeywords">
<kw name="Click Button" library="SeleniumLibrary">
<arg>${loginButton}</arg>
<doc>Clicks the button identified by ``locator``.</doc>
<msg timestamp="20220914 21:35:31.675" level="INFO">Clicking button 'xpath://button[@type='submit']'.</msg>
<status status="PASS" starttime="20220914 21:35:31.675" endtime="20220914 21:35:53.064"/>
</kw>
<status status="PASS" starttime="20220914 21:35:31.675" endtime="20220914 21:35:53.069"/>
</kw>
<status status="PASS" starttime="20220914 21:35:09.305" endtime="20220914 21:35:53.072"/>
</kw>
<kw name="Click Customers" library="CustomerRolesKeyword">
<kw name="Click Element" library="SeleniumLibrary">
<arg>${btnCustomers}</arg>
<doc>Click the element identified by ``locator``.</doc>
<msg timestamp="20220914 21:35:53.078" level="INFO">Clicking element '//a[@href='#']//p[contains(text(),'Customers')]'.</msg>
<status status="PASS" starttime="20220914 21:35:53.075" endtime="20220914 21:35:57.372"/>
</kw>
<status status="PASS" starttime="20220914 21:35:53.075" endtime="20220914 21:35:57.375"/>
</kw>
<kw name="Click Customers Role" library="CustomerRolesKeyword">
<kw name="Click Element" library="SeleniumLibrary">
<arg>${btnCustomerRoles}</arg>
<doc>Click the element identified by ``locator``.</doc>
<msg timestamp="20220914 21:35:57.381" level="INFO">Clicking element '//a[@href='/Admin/CustomerRole/List']//p[contains(text(),' Customer roles')]'.</msg>
<status status="PASS" starttime="20220914 21:35:57.381" endtime="20220914 21:36:05.143"/>
</kw>
<status status="PASS" starttime="20220914 21:35:57.378" endtime="20220914 21:36:05.146"/>
</kw>
<kw name="Click On Create Button In Customer Roles" library="CustomerRolesKeyword">
<kw name="Click Element" library="SeleniumLibrary">
<arg>${createButtonCustomerRoles}</arg>
<doc>Click the element identified by ``locator``.</doc>
<msg timestamp="20220914 21:36:05.152" level="INFO">Clicking element 'xpath://a[@href='/Admin/CustomerRole/Create']'.</msg>
<status status="PASS" starttime="20220914 21:36:05.152" endtime="20220914 21:36:11.836"/>
</kw>
<status status="PASS" starttime="20220914 21:36:05.149" endtime="20220914 21:36:11.839"/>
</kw>
<kw name="Enter User Name In Customer Roles" library="CustomerRolesKeyword">
<kw name="Input Text" library="SeleniumLibrary">
<arg>${txtName}</arg>
<arg>${FIRST_NAME}</arg>
<doc>Types the given ``text`` into the text field identified by ``locator``.</doc>
<msg timestamp="20220914 21:36:11.848" level="INFO">Typing text 'slomg' into text field '//input[@name='Name']'.</msg>
<status status="PASS" starttime="20220914 21:36:11.845" endtime="20220914 21:36:17.968"/>
</kw>
<kw name="Log To Console" library="BuiltIn">
<arg>${FIRST_NAME}</arg>
<doc>Logs the given message to the console.</doc>
<status status="PASS" starttime="20220914 21:36:17.973" endtime="20220914 21:36:17.973"/>
</kw>
<status status="PASS" starttime="20220914 21:36:11.842" endtime="20220914 21:36:17.977"/>
</kw>
<kw name="Select Checkbox Exempt Tax" library="CustomerRolesKeyword">
<kw name="Select Checkbox" library="SeleniumLibrary">
<arg>${checkboxTax}</arg>
<doc>Selects the checkbox identified by ``locator``.</doc>
<msg timestamp="20220914 21:36:17.981" level="INFO">Selecting checkbox '//input[@id='TaxExempt']'.</msg>
<status status="PASS" starttime="20220914 21:36:17.977" endtime="20220914 21:36:28.345"/>
</kw>
<status status="PASS" starttime="20220914 21:36:17.977" endtime="20220914 21:36:28.348"/>
</kw>
<kw name="Click On Choose Product Button" library="CustomerRolesKeyword">
<kw name="Click Button" library="SeleniumLibrary">
<arg>${btnChooseProduct}</arg>
<doc>Clicks the button identified by ``locator``.</doc>
<msg timestamp="20220914 21:36:28.356" level="INFO">Clicking button '//button[contains(text(),'Choose a product')]'.</msg>
<status status="PASS" starttime="20220914 21:36:28.356" endtime="20220914 21:36:38.844"/>
</kw>
<status status="PASS" starttime="20220914 21:36:28.352" endtime="20220914 21:36:38.844"/>
</kw>
<kw name="Switch Window" library="SeleniumLibrary">
<arg>title:Choose a product / nopCommerce administration</arg>
<doc>Switches to browser window matching ``locator``.</doc>
<status status="PASS" starttime="20220914 21:36:38.844" endtime="20220914 21:37:05.084"/>
</kw>
<kw name="Set Selenium Implicit Wait" library="SeleniumLibrary">
<arg>5</arg>
<doc>Sets the implicit wait value used by Selenium.</doc>
<status status="PASS" starttime="20220914 21:37:05.084" endtime="20220914 21:37:07.099"/>
</kw>
<kw name="Click On Select button" library="CustomerRolesKeyword">
<kw name="Click Button" library="SeleniumLibrary">
<arg>${selectProduct}</arg>
<doc>Clicks the button identified by ``locator``.</doc>
<msg timestamp="20220914 21:37:07.103" level="INFO">Clicking button '(//button[contains(text(),'Select')])[1]'.</msg>
<status status="PASS" starttime="20220914 21:37:07.103" endtime="20220914 21:37:20.954"/>
</kw>
<status status="PASS" starttime="20220914 21:37:07.099" endtime="20220914 21:37:20.958"/>
</kw>
<kw name="Switch Window" library="SeleniumLibrary">
<arg>title:Add a new customer role / nopCommerce administration</arg>
<doc>Switches to browser window matching ``locator``.</doc>
<status status="PASS" starttime="20220914 21:37:20.962" endtime="20220914 21:37:33.062"/>
</kw>
<kw name="Click On Save Button In Customer Roles" library="CustomerRolesKeyword">
<kw name="Click Button" library="SeleniumLibrary">
<arg>${saveButtonInCustomerRoles}</arg>
<doc>Clicks the button identified by ``locator``.</doc>
<msg timestamp="20220914 21:37:33.066" level="INFO">Clicking button 'xpath://button[@name='save']'.</msg>
<status status="PASS" starttime="20220914 21:37:33.066" endtime="20220914 21:37:44.648"/>
</kw>
<status status="PASS" starttime="20220914 21:37:33.066" endtime="20220914 21:37:44.651"/>
</kw>
<kw name="Page Should Contain" library="SeleniumLibrary">
<arg>The new customer role has been added successfully.</arg>
<doc>Verifies that current page contains ``text``.</doc>
<msg timestamp="20220914 21:37:48.692" level="INFO">Current page contains text 'The new customer role has been added successfully.'.</msg>
<status status="PASS" starttime="20220914 21:37:44.655" endtime="20220914 21:37:48.692"/>
</kw>
<kw name="Capture Page Screenshot" library="SeleniumLibrary">
<arg>ScreenShots/CustomerRole.png</arg>
<doc>Takes a screenshot of the current page and embeds it into a log file.</doc>
<msg timestamp="20220914 21:37:50.798" level="INFO" html="true">&lt;/td&gt;&lt;/tr&gt;&lt;tr&gt;&lt;td colspan="3"&gt;&lt;a href="ScreenShots/CustomerRole.png"&gt;&lt;img src="ScreenShots/CustomerRole.png" width="800px"&gt;&lt;/a&gt;</msg>
<status status="PASS" starttime="20220914 21:37:48.696" endtime="20220914 21:37:50.798"/>
</kw>
<doc>This Test case is giving the role to the added user</doc>
<status status="PASS" starttime="20220914 21:35:09.305" endtime="20220914 21:37:50.806"/>
</test>
<status status="PASS" starttime="20220914 21:35:09.274" endtime="20220914 21:37:50.826"/>
</suite>
<suite id="s1-s3" name="DeleteUser" source="C:\Users\SauravSharma\PycharmProjects\RobotFrameworkPOM\TestCases\DeleteUser.robot">
<test id="s1-s3-t1" name="Delete the user" line="15">
<kw name="Set Selenium Speed" library="SeleniumLibrary">
<arg>2</arg>
<doc>Sets the delay that is waited after each Selenium command.</doc>
<status status="PASS" starttime="20220914 21:37:50.862" endtime="20220914 21:37:50.862"/>
</kw>
<kw name="Valid Login">
<arg>${userEmailLogin}</arg>
<arg>${userPasswordLogin}</arg>
<kw name="Open Browser" library="SeleniumLibrary">
<arg>${url}</arg>
<arg>${Browser}</arg>
<doc>Opens a new browser instance to the optional ``url``.</doc>
<msg timestamp="20220914 21:37:50.866" level="INFO">Opening browser 'ff' to base url 'https://admin-demo.nopcommerce.com/'.</msg>
<msg timestamp="20220914 21:37:50.866" level="INFO">Firefox driver log is always forced to to: C:\Users\SauravSharma\PycharmProjects\RobotFrameworkPOM\geckodriver-41.log</msg>
<status status="PASS" starttime="20220914 21:37:50.866" endtime="20220914 21:38:01.570"/>
</kw>
<kw name="Enter UserName" library="LoginKeywords">
<arg>${username}</arg>
<kw name="Input Text" library="SeleniumLibrary">
<arg>${loginUserName}</arg>
<arg>${username}</arg>
<doc>Types the given ``text`` into the text field identified by ``locator``.</doc>
<msg timestamp="20220914 21:38:01.582" level="INFO">Typing text 'admin@yourstore.com' into text field 'xpath://input[@id='Email']'.</msg>
<status status="PASS" starttime="20220914 21:38:01.578" endtime="20220914 21:38:07.769"/>
</kw>
<status status="PASS" starttime="20220914 21:38:01.574" endtime="20220914 21:38:07.773"/>
</kw>
<kw name="Enter Password" library="LoginKeywords">
<arg>${password}</arg>
<kw name="Input Text" library="SeleniumLibrary">
<arg>${loginPassword}</arg>
<arg>${password}</arg>
<doc>Types the given ``text`` into the text field identified by ``locator``.</doc>
<msg timestamp="20220914 21:38:07.777" level="INFO">Typing text 'admin' into text field 'xpath://input[@id='Password']'.</msg>
<status status="PASS" starttime="20220914 21:38:07.777" endtime="20220914 21:38:13.887"/>
</kw>
<status status="PASS" starttime="20220914 21:38:07.773" endtime="20220914 21:38:13.887"/>
</kw>
<kw name="Click SignIn" library="LoginKeywords">
<kw name="Click Button" library="SeleniumLibrary">
<arg>${loginButton}</arg>
<doc>Clicks the button identified by ``locator``.</doc>
<msg timestamp="20220914 21:38:13.891" level="INFO">Clicking button 'xpath://button[@type='submit']'.</msg>
<status status="PASS" starttime="20220914 21:38:13.891" endtime="20220914 21:38:26.203"/>
</kw>
<status status="PASS" starttime="20220914 21:38:13.891" endtime="20220914 21:38:26.208"/>
</kw>
<status status="PASS" starttime="20220914 21:37:50.862" endtime="20220914 21:38:26.210"/>
</kw>
<kw name="Log To Console" library="BuiltIn">
<arg>${userEmailLogin}</arg>
<arg>${userPasswordLogin}</arg>
<doc>Logs the given message to the console.</doc>
<status status="PASS" starttime="20220914 21:38:26.212" endtime="20220914 21:38:26.214"/>
</kw>
<kw name="Adding New User">
<doc>This Test case is adding the user</doc>
<kw name="Valid Login">
<arg>${userEmailLogin}</arg>
<arg>${userPasswordLogin}</arg>
<kw name="Open Browser" library="SeleniumLibrary">
<arg>${url}</arg>
<arg>${Browser}</arg>
<doc>Opens a new browser instance to the optional ``url``.</doc>
<msg timestamp="20220914 21:38:26.222" level="INFO">Opening browser 'ff' to base url 'https://admin-demo.nopcommerce.com/'.</msg>
<msg timestamp="20220914 21:38:26.233" level="INFO">Firefox driver log is always forced to to: C:\Users\SauravSharma\PycharmProjects\RobotFrameworkPOM\geckodriver-42.log</msg>
<status status="PASS" starttime="20220914 21:38:26.220" endtime="20220914 21:38:36.196"/>
</kw>
<kw name="Enter UserName" library="LoginKeywords">
<arg>${username}</arg>
<kw name="Input Text" library="SeleniumLibrary">
<arg>${loginUserName}</arg>
<arg>${username}</arg>
<doc>Types the given ``text`` into the text field identified by ``locator``.</doc>
<msg timestamp="20220914 21:38:36.206" level="INFO">Typing text 'admin@yourstore.com' into text field 'xpath://input[@id='Email']'.</msg>
<status status="PASS" starttime="20220914 21:38:36.204" endtime="20220914 21:38:42.376"/>
</kw>
<status status="PASS" starttime="20220914 21:38:36.202" endtime="20220914 21:38:42.381"/>
</kw>
<kw name="Enter Password" library="LoginKeywords">
<arg>${password}</arg>
<kw name="Input Text" library="SeleniumLibrary">
<arg>${loginPassword}</arg>
<arg>${password}</arg>
<doc>Types the given ``text`` into the text field identified by ``locator``.</doc>
<msg timestamp="20220914 21:38:42.387" level="INFO">Typing text 'admin' into text field 'xpath://input[@id='Password']'.</msg>
<status status="PASS" starttime="20220914 21:38:42.385" endtime="20220914 21:38:48.508"/>
</kw>
<status status="PASS" starttime="20220914 21:38:42.383" endtime="20220914 21:38:48.513"/>
</kw>
<kw name="Click SignIn" library="LoginKeywords">
<kw name="Click Button" library="SeleniumLibrary">
<arg>${loginButton}</arg>
<doc>Clicks the button identified by ``locator``.</doc>
<msg timestamp="20220914 21:38:48.518" level="INFO">Clicking button 'xpath://button[@type='submit']'.</msg>
<status status="PASS" starttime="20220914 21:38:48.517" endtime="20220914 21:39:00.553"/>
</kw>
<status status="PASS" starttime="20220914 21:38:48.515" endtime="20220914 21:39:00.555"/>
</kw>
<status status="PASS" starttime="20220914 21:38:26.218" endtime="20220914 21:39:00.555"/>
</kw>
<kw name="Click Element" library="SeleniumLibrary">
<arg>${btnCustomers}</arg>
<doc>Click the element identified by ``locator``.</doc>
<msg timestamp="20220914 21:39:00.555" level="INFO">Clicking element '//a[@href='#']//p[contains(text(),'Customers')]'.</msg>
<status status="PASS" starttime="20220914 21:39:00.555" endtime="20220914 21:39:04.851"/>
</kw>
<kw name="Click Element" library="SeleniumLibrary">
<arg>${btnCustomers1}</arg>
<doc>Click the element identified by ``locator``.</doc>
<msg timestamp="20220914 21:39:04.855" level="INFO">Clicking element '//a[@href='/Admin/Customer/List']//p[contains(text(),'Customers')]'.</msg>
<status status="PASS" starttime="20220914 21:39:04.855" endtime="20220914 21:39:09.904"/>
</kw>
<kw name="Click Element" library="SeleniumLibrary">
<arg>${btnAddNew}</arg>
<doc>Click the element identified by ``locator``.</doc>
<msg timestamp="20220914 21:39:09.912" level="INFO">Clicking element '//a[@class='btn btn-primary']'.</msg>
<status status="PASS" starttime="20220914 21:39:09.908" endtime="20220914 21:39:15.042"/>
</kw>
<kw name="Enter UserEmail" library="AddCustomersKeywords">
<arg>${EMAIL}</arg>
<kw name="Input Text" library="SeleniumLibrary">
<arg>${inputEmail}</arg>
<arg>${email}</arg>
<doc>Types the given ``text`` into the text field identified by ``locator``.</doc>
<msg timestamp="20220914 21:39:15.050" level="INFO">Typing text 'hrTvF@gmail.com' into text field 'id:Email'.</msg>
<status status="PASS" starttime="20220914 21:39:15.046" endtime="20220914 21:39:21.139"/>
</kw>
<status status="PASS" starttime="20220914 21:39:15.046" endtime="20220914 21:39:21.142"/>
</kw>
<kw name="Log To Console" library="BuiltIn">
<arg>${EMAIL}</arg>
<doc>Logs the given message to the console.</doc>
<status status="PASS" starttime="20220914 21:39:21.146" endtime="20220914 21:39:21.146"/>
</kw>
<kw name="Enter NewUserPassword" library="AddCustomersKeywords">
<arg>${PASSWORD}</arg>
<kw name="Input Text" library="SeleniumLibrary">
<arg>${inputPassword}</arg>
<arg>${NewUserpassword}</arg>
<doc>Types the given ``text`` into the text field identified by ``locator``.</doc>
<msg timestamp="20220914 21:39:21.150" level="INFO">Typing text 'HEdNWGLYqv' into text field 'name:Password'.</msg>
<status status="PASS" starttime="20220914 21:39:21.150" endtime="20220914 21:39:27.268"/>
</kw>
<status status="PASS" starttime="20220914 21:39:21.146" endtime="20220914 21:39:27.272"/>
</kw>
<kw name="Log To Console" library="BuiltIn">
<arg>${PASSWORD}</arg>
<doc>Logs the given message to the console.</doc>
<status status="PASS" starttime="20220914 21:39:27.272" endtime="20220914 21:39:27.276"/>
</kw>
<kw name="Enter UserFirstName" library="AddCustomersKeywords">
<arg>${FIRST_NAME}</arg>
<kw name="Input Text" library="SeleniumLibrary">
<arg>${inputFirstName}</arg>
<arg>${EnterFirstName}</arg>
<doc>Types the given ``text`` into the text field identified by ``locator``.</doc>
<msg timestamp="20220914 21:39:27.280" level="INFO">Typing text 'slomg' into text field 'name:FirstName'.</msg>
<status status="PASS" starttime="20220914 21:39:27.280" endtime="20220914 21:39:33.377"/>
</kw>
<status status="PASS" starttime="20220914 21:39:27.276" endtime="20220914 21:39:33.381"/>
</kw>
<kw name="Log To Console" library="BuiltIn">
<arg>${FIRST_NAME}</arg>
<doc>Logs the given message to the console.</doc>
<status status="PASS" starttime="20220914 21:39:33.385" endtime="20220914 21:39:33.385"/>
</kw>
<kw name="Enter UserLastName" library="AddCustomersKeywords">
<arg>${LAST_NAME}</arg>
<kw name="Input Text" library="SeleniumLibrary">
<arg>${inputLastName}</arg>
<arg>${EnterLastName}</arg>
<doc>Types the given ``text`` into the text field identified by ``locator``.</doc>
<msg timestamp="20220914 21:39:33.389" level="INFO">Typing text 'KH' into text field 'name:LastName'.</msg>
<status status="PASS" starttime="20220914 21:39:33.389" endtime="20220914 21:39:39.487"/>
</kw>
<status status="PASS" starttime="20220914 21:39:33.389" endtime="20220914 21:39:39.490"/>
</kw>
<kw name="Log To Console" library="BuiltIn">
<arg>${LAST_NAME}</arg>
<doc>Logs the given message to the console.</doc>
<status status="PASS" starttime="20220914 21:39:39.494" endtime="20220914 21:39:39.494"/>
</kw>
<kw name="Enter UserDOB" library="AddCustomersKeywords">
<arg>${DATE}</arg>
<kw name="Input Text" library="SeleniumLibrary">
<arg>${inputDOB}</arg>
<arg>${EnterDOB}</arg>
<doc>Types the given ``text`` into the text field identified by ``locator``.</doc>
<msg timestamp="20220914 21:39:39.498" level="INFO">Typing text '11/10/2021' into text field 'id:DateOfBirth'.</msg>
<status status="PASS" starttime="20220914 21:39:39.498" endtime="20220914 21:39:45.619"/>
</kw>
<status status="PASS" starttime="20220914 21:39:39.498" endtime="20220914 21:39:45.619"/>
</kw>
<kw name="Click Button" library="SeleniumLibrary">
<arg>${saveButton}</arg>
<doc>Clicks the button identified by ``locator``.</doc>
<msg timestamp="20220914 21:39:45.619" level="INFO">Clicking button '//button[@name='save']'.</msg>
<status status="PASS" starttime="20220914 21:39:45.619" endtime="20220914 21:39:56.771"/>
</kw>
<status status="PASS" starttime="20220914 21:38:26.216" endtime="20220914 21:39:56.775"/>
</kw>
<kw name="Select From List By Value" library="SeleniumLibrary">
<arg>//select[@name="customers-grid_length"]</arg>
<arg>100</arg>
<doc>Selects options from selection list ``locator`` by ``values``.</doc>
<msg timestamp="20220914 21:39:56.779" level="INFO">Selecting options from selection list '//select[@name="customers-grid_length"]' by value 100.</msg>
<msg timestamp="20220914 21:40:05.901" level="INFO" html="true">&lt;/td&gt;&lt;/tr&gt;&lt;tr&gt;&lt;td colspan="3"&gt;&lt;a href="selenium-screenshot-21.png"&gt;&lt;img src="selenium-screenshot-21.png" width="800px"&gt;&lt;/a&gt;</msg>
<msg timestamp="20220914 21:40:05.905" level="FAIL">List with locator '//select[@name="customers-grid_length"]' not found.</msg>
<status status="FAIL" starttime="20220914 21:39:56.779" endtime="20220914 21:40:05.925"/>
</kw>
<kw name="Enter EmailOfUserWhomeYouHaveToDelete" library="DeleteKeywords">
<arg>${EMAIL}</arg>
<status status="NOT RUN" starttime="20220914 21:40:05.929" endtime="20220914 21:40:05.929"/>
</kw>
<kw name="Click SearchButton" library="DeleteKeywords">
<status status="NOT RUN" starttime="20220914 21:40:05.932" endtime="20220914 21:40:05.932"/>
</kw>
<kw name="Click EditButton" library="DeleteKeywords">
<status status="NOT RUN" starttime="20220914 21:40:05.933" endtime="20220914 21:40:05.933"/>
</kw>
<kw name="Click DeleteButton" library="DeleteKeywords">
<status status="NOT RUN" starttime="20220914 21:40:05.935" endtime="20220914 21:40:05.935"/>
</kw>
<kw name="Handle Alert" library="SeleniumLibrary">
<arg>accept</arg>
<doc>Handles the current alert and returns its message.</doc>
<status status="NOT RUN" starttime="20220914 21:40:05.936" endtime="20220914 21:40:05.936"/>
</kw>
<kw name="Verify Succesfully User Deleted" library="DeleteKeywords">
<status status="NOT RUN" starttime="20220914 21:40:05.938" endtime="20220914 21:40:05.938"/>
</kw>
<kw name="Capture Page Screenshot" library="SeleniumLibrary">
<arg>ScreenShots/DeletedUser.png</arg>
<doc>Takes a screenshot of the current page and embeds it into a log file.</doc>
<status status="NOT RUN" starttime="20220914 21:40:05.939" endtime="20220914 21:40:05.939"/>
</kw>
<kw name="Click Element" library="SeleniumLibrary">
<arg>${logoutButton</arg>
<doc>Click the element identified by ``locator``.</doc>
<status status="NOT RUN" starttime="20220914 21:40:05.939" endtime="20220914 21:40:05.939"/>
</kw>
<kw name="Close All Browsers" library="SeleniumLibrary">
<doc>Closes all open browsers and resets the browser cache.</doc>
<status status="NOT RUN" starttime="20220914 21:40:05.939" endtime="20220914 21:40:05.939"/>
</kw>
<doc>This Test case is deleting the added user</doc>
<status status="FAIL" starttime="20220914 21:37:50.862" endtime="20220914 21:40:05.943">List with locator '//select[@name="customers-grid_length"]' not found.</status>
</test>
<status status="FAIL" starttime="20220914 21:37:50.838" endtime="20220914 21:40:05.947"/>
</suite>
<suite id="s1-s4" name="LogIn" source="C:\Users\SauravSharma\PycharmProjects\RobotFrameworkPOM\TestCases\LogIn.robot">
<test id="s1-s4-t1" name="LoginTestWithExcelSheet using" line="15">
<kw name="Valid Login">
<arg>admin@yourstore.com</arg>
<arg>admin</arg>
<kw name="Set Selenium Speed" library="SeleniumLibrary">
<arg>2</arg>
<doc>Sets the delay that is waited after each Selenium command.</doc>
<status status="PASS" starttime="20220914 21:40:06.794" endtime="20220914 21:40:06.794"/>
</kw>
<kw name="Open My Browser" library="LoginKeywords">
<arg>${url}</arg>
<arg>${Browser}</arg>
<kw name="Open Browser" library="SeleniumLibrary">
<arg>${url}</arg>
<arg>${Browser}</arg>
<doc>Opens a new browser instance to the optional ``url``.</doc>
<msg timestamp="20220914 21:40:06.794" level="INFO">Opening browser 'ff' to base url 'https://admin-demo.nopcommerce.com/'.</msg>
<msg timestamp="20220914 21:40:06.798" level="INFO">Firefox driver log is always forced to to: C:\Users\SauravSharma\PycharmProjects\RobotFrameworkPOM\geckodriver-43.log</msg>
<status status="PASS" starttime="20220914 21:40:06.794" endtime="20220914 21:40:16.818"/>
</kw>
<kw name="Maximize Browser Window" library="SeleniumLibrary">
<doc>Maximizes current browser window.</doc>
<status status="PASS" starttime="20220914 21:40:16.822" endtime="20220914 21:40:18.843"/>
</kw>
<status status="PASS" starttime="20220914 21:40:06.794" endtime="20220914 21:40:18.843"/>
</kw>
<kw name="Enter UserName" library="LoginKeywords">
<arg>${username}</arg>
<kw name="Input Text" library="SeleniumLibrary">
<arg>${loginUserName}</arg>
<arg>${username}</arg>
<doc>Types the given ``text`` into the text field identified by ``locator``.</doc>
<msg timestamp="20220914 21:40:18.847" level="INFO">Typing text 'admin@yourstore.com' into text field 'xpath://input[@id='Email']'.</msg>
<status status="PASS" starttime="20220914 21:40:18.847" endtime="20220914 21:40:25.020"/>
</kw>
<status status="PASS" starttime="20220914 21:40:18.843" endtime="20220914 21:40:25.024"/>
</kw>
<kw name="Enter Password" library="LoginKeywords">
<arg>${password}</arg>
<kw name="Input Text" library="SeleniumLibrary">
<arg>${loginPassword}</arg>
<arg>${password}</arg>
<doc>Types the given ``text`` into the text field identified by ``locator``.</doc>
<msg timestamp="20220914 21:40:25.032" level="INFO">Typing text 'admin' into text field 'xpath://input[@id='Password']'.</msg>
<status status="PASS" starttime="20220914 21:40:25.028" endtime="20220914 21:40:31.148"/>
</kw>
<status status="PASS" starttime="20220914 21:40:25.024" endtime="20220914 21:40:31.148"/>
</kw>
<kw name="Click SignIn" library="LoginKeywords">
<kw name="Click Button" library="SeleniumLibrary">
<arg>${loginButton}</arg>
<doc>Clicks the button identified by ``locator``.</doc>
<msg timestamp="20220914 21:40:31.148" level="INFO">Clicking button 'xpath://button[@type='submit']'.</msg>
<status status="PASS" starttime="20220914 21:40:31.148" endtime="20220914 21:40:43.158"/>
</kw>
<status status="PASS" starttime="20220914 21:40:31.148" endtime="20220914 21:40:43.158"/>
</kw>
<kw name="Verify Succesfull login" library="LoginKeywords">
<kw name="Title Should Be" library="SeleniumLibrary">
<arg>Dashboard / nopCommerce administration</arg>
<doc>Verifies that the current page title equals ``title``.</doc>
<msg timestamp="20220914 21:40:45.165" level="INFO">Page title is 'Dashboard / nopCommerce administration'.</msg>
<status status="PASS" starttime="20220914 21:40:43.158" endtime="20220914 21:40:45.165"/>
</kw>
<status status="PASS" starttime="20220914 21:40:43.158" endtime="20220914 21:40:45.169"/>
</kw>
<kw name="Capture Page Screenshot" library="SeleniumLibrary">
<arg>ScreenShots/AfterLogin.png</arg>
<doc>Takes a screenshot of the current page and embeds it into a log file.</doc>
<msg timestamp="20220914 21:40:47.258" level="INFO" html="true">&lt;/td&gt;&lt;/tr&gt;&lt;tr&gt;&lt;td colspan="3"&gt;&lt;a href="ScreenShots/AfterLogin.png"&gt;&lt;img src="ScreenShots/AfterLogin.png" width="800px"&gt;&lt;/a&gt;</msg>
<status status="PASS" starttime="20220914 21:40:45.169" endtime="20220914 21:40:47.258"/>
</kw>
<kw name="Click Element" library="SeleniumLibrary">
<arg>${logoutButton}</arg>
<doc>Click the element identified by ``locator``.</doc>
<msg timestamp="20220914 21:40:47.265" level="INFO">Clicking element 'xpath://a[contains(text(),'Logout')]'.</msg>
<status status="PASS" starttime="20220914 21:40:47.265" endtime="20220914 21:40:52.918"/>
</kw>
<kw name="Close My Browser" library="LoginKeywords">
<kw name="Close All Browsers" library="SeleniumLibrary">
<doc>Closes all open browsers and resets the browser cache.</doc>
<status status="PASS" starttime="20220914 21:40:52.926" endtime="20220914 21:41:03.917"/>
</kw>
<status status="PASS" starttime="20220914 21:40:52.922" endtime="20220914 21:41:03.917"/>
</kw>
<status status="PASS" starttime="20220914 21:40:06.794" endtime="20220914 21:41:03.917"/>
</kw>
<status status="PASS" starttime="20220914 21:40:06.790" endtime="20220914 21:41:03.917"/>
</test>
<status status="PASS" starttime="20220914 21:40:05.957" endtime="20220914 21:41:03.955"/>
</suite>
<status status="FAIL" starttime="20220914 21:33:22.928" endtime="20220914 21:41:03.955"/>
</suite>
<statistics>
<total>
<stat pass="3" fail="1" skip="0">All Tests</stat>
</total>
<tag>
</tag>
<suite>
<stat pass="3" fail="1" skip="0" id="s1" name="TestCases">TestCases</stat>
<stat pass="1" fail="0" skip="0" id="s1-s1" name="AddCustomers">TestCases.AddCustomers</stat>
<stat pass="1" fail="0" skip="0" id="s1-s2" name="CustomerRoles">TestCases.CustomerRoles</stat>
<stat pass="0" fail="1" skip="0" id="s1-s3" name="DeleteUser">TestCases.DeleteUser</stat>
<stat pass="1" fail="0" skip="0" id="s1-s4" name="LogIn">TestCases.LogIn</stat>
</suite>
</statistics>
<errors>
<msg timestamp="20220914 21:35:09.305" level="ERROR">Error in file 'C:\Users\SauravSharma\PycharmProjects\RobotFrameworkPOM\TestCases\CustomerRoles.robot' on line 7: Error in file 'C:\Users\SauravSharma\PycharmProjects\RobotFrameworkPOM\TestCases\AddCustomers.robot' on line 12: Resource file with 'Test Cases' section is invalid.</msg>
<msg timestamp="20220914 21:37:50.862" level="ERROR">Error in file 'C:\Users\SauravSharma\PycharmProjects\RobotFrameworkPOM\TestCases\DeleteUser.robot' on line 6: Error in file 'C:\Users\SauravSharma\PycharmProjects\RobotFrameworkPOM\TestCases\AddCustomers.robot' on line 12: Resource file with 'Test Cases' section is invalid.</msg>
</errors>
</robot>
