<?xml version="1.0" encoding="UTF-8"?>
<robot generator="Robot 5.0 (Python 3.10.2 on win32)" generated="20220920 18:17:48.462" rpa="false" schemaversion="3">
<suite id="s1" name="Suites">
<suite id="s1-s1" name="DeleteUser" source="C:\Users\SauravSharma\PycharmProjects\RobotFrameworkPOM\TestCases\DeleteUser.robot">
<test id="s1-s1-t1" name="Delete the user" line="15">
<kw name="Valid Login">
<arg>${userEmailLogin}</arg>
<arg>${userPasswordLogin}</arg>
<kw name="Open Browser" library="SeleniumLibrary">
<arg>${url}</arg>
<arg>${Browser}</arg>
<doc>Opens a new browser instance to the optional ``url``.</doc>
<msg timestamp="20220920 18:17:48.990" level="INFO">Opening browser 'ff' to base url 'https://admin-demo.nopcommerce.com/'.</msg>
<msg timestamp="20220920 18:17:48.990" level="INFO">Firefox driver log is always forced to to: C:\Users\SauravSharma\PycharmProjects\RobotFrameworkPOM\ResultsRanThroughBatFile\pabot_results\2\geckodriver-1.log</msg>
<status status="PASS" starttime="20220920 18:17:48.990" endtime="20220920 18:18:02.320"/>
</kw>
<kw name="Enter UserName" library="LoginKeywords">
<arg>${username}</arg>
<kw name="Input Text" library="SeleniumLibrary">
<arg>${loginUserName}</arg>
<arg>${username}</arg>
<doc>Types the given ``text`` into the text field identified by ``locator``.</doc>
<msg timestamp="20220920 18:18:02.323" level="INFO">Typing text 'admin@yourstore.com' into text field 'xpath://input[@id='Email']'.</msg>
<status status="PASS" starttime="20220920 18:18:02.321" endtime="20220920 18:18:02.385"/>
</kw>
<status status="PASS" starttime="20220920 18:18:02.320" endtime="20220920 18:18:02.386"/>
</kw>
<kw name="Enter Password" library="LoginKeywords">
<arg>${password}</arg>
<kw name="Input Text" library="SeleniumLibrary">
<arg>${loginPassword}</arg>
<arg>${password}</arg>
<doc>Types the given ``text`` into the text field identified by ``locator``.</doc>
<msg timestamp="20220920 18:18:02.387" level="INFO">Typing text 'admin' into text field 'xpath://input[@id='Password']'.</msg>
<status status="PASS" starttime="20220920 18:18:02.386" endtime="20220920 18:18:02.410"/>
</kw>
<status status="PASS" starttime="20220920 18:18:02.386" endtime="20220920 18:18:02.410"/>
</kw>
<kw name="Click SignIn" library="LoginKeywords">
<kw name="Click Button" library="SeleniumLibrary">
<arg>${loginButton}</arg>
<doc>Clicks the button identified by ``locator``.</doc>
<msg timestamp="20220920 18:18:02.411" level="INFO">Clicking button 'xpath://button[@type='submit']'.</msg>
<status status="PASS" starttime="20220920 18:18:02.411" endtime="20220920 18:18:08.143"/>
</kw>
<status status="PASS" starttime="20220920 18:18:02.410" endtime="20220920 18:18:08.145"/>
</kw>
<status status="PASS" starttime="20220920 18:17:48.990" endtime="20220920 18:18:08.147"/>
</kw>
<kw name="Adding New User">
<kw name="Set Selenium Speed" library="SeleniumLibrary">
<arg>2</arg>
<doc>Sets the delay that is waited after each Selenium command.</doc>
<status status="PASS" starttime="20220920 18:18:08.151" endtime="20220920 18:18:08.153"/>
</kw>
<kw name="Click Element" library="SeleniumLibrary">
<arg>${btnCustomers}</arg>
<doc>Click the element identified by ``locator``.</doc>
<msg timestamp="20220920 18:18:08.155" level="INFO">Clicking element '//a[@href='#']//p[contains(text(),'Customers')]'.</msg>
<msg timestamp="20220920 18:18:12.221" level="INFO" html="true">&lt;/td&gt;&lt;/tr&gt;&lt;tr&gt;&lt;td colspan="3"&gt;&lt;a href="selenium-screenshot-1.png"&gt;&lt;img src="selenium-screenshot-1.png" width="800px"&gt;&lt;/a&gt;</msg>
<msg timestamp="20220920 18:18:12.225" level="FAIL">Element with locator '//a[@href='#']//p[contains(text(),'Customers')]' not found.</msg>
<status status="FAIL" starttime="20220920 18:18:08.154" endtime="20220920 18:18:12.233"/>
</kw>
<kw name="Click Element" library="SeleniumLibrary">
<arg>${btnCustomers1}</arg>
<doc>Click the element identified by ``locator``.</doc>
<status status="NOT RUN" starttime="20220920 18:18:12.236" endtime="20220920 18:18:12.236"/>
</kw>
<kw name="Click Element" library="SeleniumLibrary">
<arg>${btnAddNew}</arg>
<doc>Click the element identified by ``locator``.</doc>
<status status="NOT RUN" starttime="20220920 18:18:12.237" endtime="20220920 18:18:12.238"/>
</kw>
<kw name="Enter UserEmail" library="AddCustomersKeywords">
<arg>${EMAIL}</arg>
<status status="NOT RUN" starttime="20220920 18:18:12.239" endtime="20220920 18:18:12.239"/>
</kw>
<kw name="Log To Console" library="BuiltIn">
<arg>${EMAIL}</arg>
<doc>Logs the given message to the console.</doc>
<status status="NOT RUN" starttime="20220920 18:18:12.240" endtime="20220920 18:18:12.241"/>
</kw>
<kw name="Enter NewUserPassword" library="AddCustomersKeywords">
<arg>${PASSWORD}</arg>
<status status="NOT RUN" starttime="20220920 18:18:12.241" endtime="20220920 18:18:12.242"/>
</kw>
<kw name="Log To Console" library="BuiltIn">
<arg>${PASSWORD}</arg>
<doc>Logs the given message to the console.</doc>
<status status="NOT RUN" starttime="20220920 18:18:12.243" endtime="20220920 18:18:12.244"/>
</kw>
<kw name="Enter UserFirstName" library="AddCustomersKeywords">
<arg>${FIRST_NAME}</arg>
<status status="NOT RUN" starttime="20220920 18:18:12.245" endtime="20220920 18:18:12.246"/>
</kw>
<kw name="Log To Console" library="BuiltIn">
<arg>${FIRST_NAME}</arg>
<doc>Logs the given message to the console.</doc>
<status status="NOT RUN" starttime="20220920 18:18:12.247" endtime="20220920 18:18:12.249"/>
</kw>
<kw name="Enter UserLastName" library="AddCustomersKeywords">
<arg>${LAST_NAME}</arg>
<status status="NOT RUN" starttime="20220920 18:18:12.249" endtime="20220920 18:18:12.250"/>
</kw>
<kw name="Log To Console" library="BuiltIn">
<arg>${LAST_NAME}</arg>
<doc>Logs the given message to the console.</doc>
<status status="NOT RUN" starttime="20220920 18:18:12.251" endtime="20220920 18:18:12.252"/>
</kw>
<kw name="Select Radio Button" library="SeleniumLibrary">
<arg>Gender</arg>
<arg>M</arg>
<doc>Sets the radio button group ``group_name`` to ``value``.</doc>
<status status="NOT RUN" starttime="20220920 18:18:12.253" endtime="20220920 18:18:12.254"/>
</kw>
<kw name="Enter UserDOB" library="AddCustomersKeywords">
<arg>${DATE}</arg>
<status status="NOT RUN" starttime="20220920 18:18:12.255" endtime="20220920 18:18:12.256"/>
</kw>
<kw name="Click Button" library="SeleniumLibrary">
<arg>${saveButton}</arg>
<doc>Clicks the button identified by ``locator``.</doc>
<status status="NOT RUN" starttime="20220920 18:18:12.258" endtime="20220920 18:18:12.259"/>
</kw>
<status status="FAIL" starttime="20220920 18:18:08.148" endtime="20220920 18:18:12.261"/>
</kw>
<kw name="Select From List By Value" library="SeleniumLibrary">
<arg>xpath://select[@name='customers-grid_length']</arg>
<arg>100</arg>
<doc>Selects options from selection list ``locator`` by ``values``.</doc>
<status status="NOT RUN" starttime="20220920 18:18:12.263" endtime="20220920 18:18:12.264"/>
</kw>
<kw name="Set Selenium Implicit Wait" library="SeleniumLibrary">
<arg>5</arg>
<doc>Sets the implicit wait value used by Selenium.</doc>
<status status="NOT RUN" starttime="20220920 18:18:12.265" endtime="20220920 18:18:12.266"/>
</kw>
<kw name="Enter EmailOfUserWhomeYouHaveToDelete" library="DeleteKeywords">
<arg>${EMAIL}</arg>
<status status="NOT RUN" starttime="20220920 18:18:12.266" endtime="20220920 18:18:12.267"/>
</kw>
<kw name="Click SearchButton" library="DeleteKeywords">
<status status="NOT RUN" starttime="20220920 18:18:12.267" endtime="20220920 18:18:12.268"/>
</kw>
<kw name="Click EditButton" library="DeleteKeywords">
<status status="NOT RUN" starttime="20220920 18:18:12.268" endtime="20220920 18:18:12.269"/>
</kw>
<kw name="Click DeleteButton" library="DeleteKeywords">
<status status="NOT RUN" starttime="20220920 18:18:12.269" endtime="20220920 18:18:12.270"/>
</kw>
<kw name="Click Element" library="SeleniumLibrary">
<arg>xpath://div[@class='modal-footer']//button[contains(text(),'Delete')]</arg>
<doc>Click the element identified by ``locator``.</doc>
<status status="NOT RUN" starttime="20220920 18:18:12.270" endtime="20220920 18:18:12.271"/>
</kw>
<kw name="Verify Succesfully User Deleted" library="DeleteKeywords">
<status status="NOT RUN" starttime="20220920 18:18:12.271" endtime="20220920 18:18:12.272"/>
</kw>
<kw name="Capture Page Screenshot" library="SeleniumLibrary">
<arg>ScreenShots/DeletedUser.png</arg>
<doc>Takes a screenshot of the current page and embeds it into a log file.</doc>
<status status="NOT RUN" starttime="20220920 18:18:12.272" endtime="20220920 18:18:12.272"/>
</kw>
<kw name="Click Element" library="SeleniumLibrary">
<arg>${logoutButton}</arg>
<doc>Click the element identified by ``locator``.</doc>
<status status="NOT RUN" starttime="20220920 18:18:12.273" endtime="20220920 18:18:12.273"/>
</kw>
<kw name="Close All Browsers" library="SeleniumLibrary">
<doc>Closes all open browsers and resets the browser cache.</doc>
<status status="NOT RUN" starttime="20220920 18:18:12.273" endtime="20220920 18:18:12.274"/>
</kw>
<doc>This Test case is deleting the added user</doc>
<status status="FAIL" starttime="20220920 18:17:48.990" endtime="20220920 18:18:12.276">Element with locator '//a[@href='#']//p[contains(text(),'Customers')]' not found.</status>
</test>
<status status="FAIL" starttime="20220920 18:17:48.536" endtime="20220920 18:18:12.277"/>
</suite>
<status status="FAIL" starttime="20220920 18:17:48.501" endtime="20220920 18:18:12.281"/>
</suite>
<statistics>
<total>
<stat pass="0" fail="1" skip="0">All Tests</stat>
</total>
<tag>
</tag>
<suite>
<stat pass="0" fail="1" skip="0" id="s1" name="Suites">Suites</stat>
<stat pass="0" fail="1" skip="0" id="s1-s1" name="DeleteUser">Suites.DeleteUser</stat>
</suite>
</statistics>
<errors>
<msg timestamp="20220920 18:17:48.986" level="ERROR">Error in file 'C:\Users\SauravSharma\PycharmProjects\RobotFrameworkPOM\Resources\DeleteKeywords.robot' on line 5: Error in file 'C:\Users\SauravSharma\PycharmProjects\RobotFrameworkPOM\TestCases\AddCustomers.robot' on line 18: Resource file with 'Test Cases' section is invalid.</msg>
<msg timestamp="20220920 18:17:48.990" level="ERROR">Error in file 'C:\Users\SauravSharma\PycharmProjects\RobotFrameworkPOM\TestCases\DeleteUser.robot' on line 6: Error in file 'C:\Users\SauravSharma\PycharmProjects\RobotFrameworkPOM\TestCases\AddCustomers.robot' on line 18: Resource file with 'Test Cases' section is invalid.</msg>
</errors>
</robot>
