<?xml version="1.0" encoding="UTF-8"?>
<robot generator="Robot 5.0 (Python 3.10.2 on win32)" generated="20220920 18:17:48.457" rpa="false" schemaversion="3">
<suite id="s1" name="Suites">
<suite id="s1-s1" name="AddCustomers" source="C:\Users\SauravSharma\PycharmProjects\RobotFrameworkPOM\TestCases\AddCustomers.robot">
<test id="s1-s1-t1" name="Adding New User" line="19">
<kw name="Valid Login">
<arg>${userEmailLogin}</arg>
<arg>${userPasswordLogin}</arg>
<kw name="Set Selenium Speed" library="SeleniumLibrary">
<arg>2</arg>
<doc>Sets the delay that is waited after each Selenium command.</doc>
<status status="PASS" starttime="20220920 18:17:48.990" endtime="20220920 18:17:48.990"/>
</kw>
<kw name="Open Browser" library="SeleniumLibrary">
<arg>${url}</arg>
<arg>${Browser}</arg>
<doc>Opens a new browser instance to the optional ``url``.</doc>
<msg timestamp="20220920 18:17:48.990" level="INFO">Opening browser 'ff' to base url 'https://admin-demo.nopcommerce.com/'.</msg>
<msg timestamp="20220920 18:17:48.990" level="INFO">Firefox driver log is always forced to to: C:\Users\SauravSharma\PycharmProjects\RobotFrameworkPOM\ResultsRanThroughBatFile\pabot_results\0\geckodriver-1.log</msg>
<status status="PASS" starttime="20220920 18:17:48.990" endtime="20220920 18:18:04.220"/>
</kw>
<kw name="Enter UserName" library="LoginKeywords">
<arg>${username}</arg>
<kw name="Input Text" library="SeleniumLibrary">
<arg>${loginUserName}</arg>
<arg>${username}</arg>
<doc>Types the given ``text`` into the text field identified by ``locator``.</doc>
<msg timestamp="20220920 18:18:04.225" level="INFO">Typing text 'admin@yourstore.com' into text field 'xpath://input[@id='Email']'.</msg>
<status status="PASS" starttime="20220920 18:18:04.223" endtime="20220920 18:18:10.379"/>
</kw>
<status status="PASS" starttime="20220920 18:18:04.221" endtime="20220920 18:18:10.379"/>
</kw>
<kw name="Enter Password" library="LoginKeywords">
<arg>${password}</arg>
<kw name="Input Text" library="SeleniumLibrary">
<arg>${loginPassword}</arg>
<arg>${password}</arg>
<doc>Types the given ``text`` into the text field identified by ``locator``.</doc>
<msg timestamp="20220920 18:18:10.380" level="INFO">Typing text 'admin' into text field 'xpath://input[@id='Password']'.</msg>
<status status="PASS" starttime="20220920 18:18:10.380" endtime="20220920 18:18:16.447"/>
</kw>
<status status="PASS" starttime="20220920 18:18:10.379" endtime="20220920 18:18:16.448"/>
</kw>
<kw name="Click SignIn" library="LoginKeywords">
<kw name="Click Button" library="SeleniumLibrary">
<arg>${loginButton}</arg>
<doc>Clicks the button identified by ``locator``.</doc>
<msg timestamp="20220920 18:18:16.453" level="INFO">Clicking button 'xpath://button[@type='submit']'.</msg>
<status status="PASS" starttime="20220920 18:18:16.451" endtime="20220920 18:18:30.167"/>
</kw>
<status status="PASS" starttime="20220920 18:18:16.449" endtime="20220920 18:18:30.168"/>
</kw>
<status status="PASS" starttime="20220920 18:17:48.990" endtime="20220920 18:18:30.169"/>
</kw>
<kw name="Click Element" library="SeleniumLibrary">
<arg>${btnCustomers}</arg>
<doc>Click the element identified by ``locator``.</doc>
<msg timestamp="20220920 18:18:30.170" level="INFO">Clicking element '//a[@href='#']//p[contains(text(),'Customers')]'.</msg>
<status status="PASS" starttime="20220920 18:18:30.169" endtime="20220920 18:18:34.985"/>
</kw>
<kw name="Click Element" library="SeleniumLibrary">
<arg>${btnCustomers1}</arg>
<doc>Click the element identified by ``locator``.</doc>
<msg timestamp="20220920 18:18:34.986" level="INFO">Clicking element '//a[@href='/Admin/Customer/List']//p[contains(text(),'Customers')]'.</msg>
<status status="PASS" starttime="20220920 18:18:34.985" endtime="20220920 18:18:41.338"/>
</kw>
<kw name="Select From List By Value" library="SeleniumLibrary">
<arg>xpath://select[@name='customers-grid_length']</arg>
<arg>100</arg>
<doc>Selects options from selection list ``locator`` by ``values``.</doc>
<msg timestamp="20220920 18:18:41.341" level="INFO">Selecting options from selection list 'xpath://select[@name='customers-grid_length']' by value 100.</msg>
<msg timestamp="20220920 18:18:45.469" level="INFO" html="true">&lt;/td&gt;&lt;/tr&gt;&lt;tr&gt;&lt;td colspan="3"&gt;&lt;a href="selenium-screenshot-1.png"&gt;&lt;img src="selenium-screenshot-1.png" width="800px"&gt;&lt;/a&gt;</msg>
<msg timestamp="20220920 18:18:45.469" level="FAIL">List with locator 'xpath://select[@name='customers-grid_length']' not found.</msg>
<status status="FAIL" starttime="20220920 18:18:41.339" endtime="20220920 18:18:45.471"/>
</kw>
<kw name="Set Selenium Implicit Wait" library="SeleniumLibrary">
<arg>5</arg>
<doc>Sets the implicit wait value used by Selenium.</doc>
<status status="NOT RUN" starttime="20220920 18:18:45.472" endtime="20220920 18:18:45.472"/>
</kw>
<kw name="Enter EmailOfUserWhomeYouHaveToDelete" library="DeleteKeywords">
<arg>${SearchingUser}</arg>
<status status="NOT RUN" starttime="20220920 18:18:45.472" endtime="20220920 18:18:45.473"/>
</kw>
<kw name="Click SearchButton" library="DeleteKeywords">
<status status="NOT RUN" starttime="20220920 18:18:45.473" endtime="20220920 18:18:45.473"/>
</kw>
<kw name="Get Element Count" library="SeleniumLibrary">
<var>${usersCount}</var>
<arg>//a[contains(text(),'Edit')]</arg>
<doc>Returns the number of elements matching ``locator``.</doc>
<status status="NOT RUN" starttime="20220920 18:18:45.473" endtime="20220920 18:18:45.473"/>
</kw>
<kw name="Log To Console" library="BuiltIn">
<arg>${usersCount}</arg>
<doc>Logs the given message to the console.</doc>
<status status="NOT RUN" starttime="20220920 18:18:45.474" endtime="20220920 18:18:45.474"/>
</kw>
<kw name="Run Keyword If" library="BuiltIn">
<arg>${usersCount} == 0</arg>
<arg>Adding The User</arg>
<arg>ELSE IF</arg>
<arg>${usersCount} &gt;= 1</arg>
<arg>Deleting The User</arg>
<doc>Runs the given keyword with the given arguments, if ``condition`` is true.</doc>
<status status="NOT RUN" starttime="20220920 18:18:45.474" endtime="20220920 18:18:45.474"/>
</kw>
<doc>This Test case is adding the user</doc>
<status status="FAIL" starttime="20220920 18:17:48.989" endtime="20220920 18:18:45.475">List with locator 'xpath://select[@name='customers-grid_length']' not found.</status>
</test>
<status status="FAIL" starttime="20220920 18:17:48.510" endtime="20220920 18:18:45.476"/>
</suite>
<status status="FAIL" starttime="20220920 18:17:48.476" endtime="20220920 18:18:45.477"/>
</suite>
<statistics>
<total>
<stat pass="0" fail="1" skip="0">All Tests</stat>
</total>
<tag>
</tag>
<suite>
<stat pass="0" fail="1" skip="0" id="s1" name="Suites">Suites</stat>
<stat pass="0" fail="1" skip="0" id="s1-s1" name="AddCustomers">Suites.AddCustomers</stat>
</suite>
</statistics>
<errors>
<msg timestamp="20220920 18:17:48.946" level="WARN">Imported library 'C:\Users\SauravSharma\PycharmProjects\RobotFrameworkPOM\TestData\Data.py' contains no keywords.</msg>
<msg timestamp="20220920 18:17:48.982" level="ERROR">Error in file 'C:\Users\SauravSharma\PycharmProjects\RobotFrameworkPOM\Resources\DeleteKeywords.robot' on line 5: Error in file 'C:\Users\SauravSharma\PycharmProjects\RobotFrameworkPOM\TestCases\AddCustomers.robot' on line 18: Resource file with 'Test Cases' section is invalid.</msg>
<msg timestamp="20220920 18:17:48.987" level="ERROR">Error in file 'C:\Users\SauravSharma\PycharmProjects\RobotFrameworkPOM\TestCases\AddCustomers.robot' on line 9: Error in file 'C:\Users\SauravSharma\PycharmProjects\RobotFrameworkPOM\TestCases\AddCustomers.robot' on line 18: Resource file with 'Test Cases' section is invalid.</msg>
</errors>
</robot>
