<?xml version="1.0" encoding="UTF-8"?>
<robot generator="Robot 5.0 (Python 3.10.2 on win32)" generated="20220920 18:17:48.503" rpa="false" schemaversion="3">
<suite id="s1" name="Suites">
<suite id="s1-s1" name="LogIn" source="C:\Users\SauravSharma\PycharmProjects\RobotFrameworkPOM\TestCases\LogIn.robot">
<test id="s1-s1-t1" name="LoginTestWithExcelSheet using" line="15">
<kw name="Valid Login">
<arg>admin@yourstore.com</arg>
<arg>admin</arg>
<kw name="Set Selenium Speed" library="SeleniumLibrary">
<arg>2</arg>
<doc>Sets the delay that is waited after each Selenium command.</doc>
<status status="PASS" starttime="20220920 18:17:49.943" endtime="20220920 18:17:49.943"/>
</kw>
<kw name="Open My Browser" library="LoginKeywords">
<arg>${url}</arg>
<arg>${Browser}</arg>
<kw name="Open Browser" library="SeleniumLibrary">
<arg>${url}</arg>
<arg>${Browser}</arg>
<doc>Opens a new browser instance to the optional ``url``.</doc>
<msg timestamp="20220920 18:17:49.944" level="INFO">Opening browser 'ff' to base url 'https://admin-demo.nopcommerce.com/'.</msg>
<msg timestamp="20220920 18:17:49.945" level="INFO">Firefox driver log is always forced to to: C:\Users\SauravSharma\PycharmProjects\RobotFrameworkPOM\ResultsRanThroughBatFile\pabot_results\3\geckodriver-1.log</msg>
<status status="PASS" starttime="20220920 18:17:49.944" endtime="20220920 18:18:03.245"/>
</kw>
<kw name="Maximize Browser Window" library="SeleniumLibrary">
<doc>Maximizes current browser window.</doc>
<status status="PASS" starttime="20220920 18:18:03.247" endtime="20220920 18:18:05.266"/>
</kw>
<status status="PASS" starttime="20220920 18:17:49.943" endtime="20220920 18:18:05.269"/>
</kw>
<kw name="Enter UserName" library="LoginKeywords">
<arg>${username}</arg>
<kw name="Input Text" library="SeleniumLibrary">
<arg>${loginUserName}</arg>
<arg>${username}</arg>
<doc>Types the given ``text`` into the text field identified by ``locator``.</doc>
<msg timestamp="20220920 18:18:05.274" level="INFO">Typing text 'admin@yourstore.com' into text field 'xpath://input[@id='Email']'.</msg>
<status status="PASS" starttime="20220920 18:18:05.272" endtime="20220920 18:18:11.459"/>
</kw>
<status status="PASS" starttime="20220920 18:18:05.270" endtime="20220920 18:18:11.460"/>
</kw>
<kw name="Enter Password" library="LoginKeywords">
<arg>${password}</arg>
<kw name="Input Text" library="SeleniumLibrary">
<arg>${loginPassword}</arg>
<arg>${password}</arg>
<doc>Types the given ``text`` into the text field identified by ``locator``.</doc>
<msg timestamp="20220920 18:18:11.465" level="INFO">Typing text 'admin' into text field 'xpath://input[@id='Password']'.</msg>
<status status="PASS" starttime="20220920 18:18:11.463" endtime="20220920 18:18:17.607"/>
</kw>
<status status="PASS" starttime="20220920 18:18:11.461" endtime="20220920 18:18:17.608"/>
</kw>
<kw name="Click SignIn" library="LoginKeywords">
<kw name="Click Button" library="SeleniumLibrary">
<arg>${loginButton}</arg>
<doc>Clicks the button identified by ``locator``.</doc>
<msg timestamp="20220920 18:18:17.612" level="INFO">Clicking button 'xpath://button[@type='submit']'.</msg>
<status status="PASS" starttime="20220920 18:18:17.610" endtime="20220920 18:18:30.121"/>
</kw>
<status status="PASS" starttime="20220920 18:18:17.609" endtime="20220920 18:18:30.123"/>
</kw>
<kw name="Verify Succesfull login" library="LoginKeywords">
<kw name="Title Should Be" library="SeleniumLibrary">
<arg>Dashboard / nopCommerce administration</arg>
<doc>Verifies that the current page title equals ``title``.</doc>
<msg timestamp="20220920 18:18:32.147" level="INFO">Page title is 'Dashboard / nopCommerce administration'.</msg>
<status status="PASS" starttime="20220920 18:18:30.126" endtime="20220920 18:18:32.147"/>
</kw>
<status status="PASS" starttime="20220920 18:18:30.124" endtime="20220920 18:18:32.148"/>
</kw>
<kw name="Capture Page Screenshot" library="SeleniumLibrary">
<arg>ScreenShots/AfterLogin.png</arg>
<doc>Takes a screenshot of the current page and embeds it into a log file.</doc>
<msg timestamp="20220920 18:18:34.275" level="INFO" html="true">&lt;/td&gt;&lt;/tr&gt;&lt;tr&gt;&lt;td colspan="3"&gt;&lt;a href="ScreenShots/AfterLogin.png"&gt;&lt;img src="ScreenShots/AfterLogin.png" width="800px"&gt;&lt;/a&gt;</msg>
<status status="PASS" starttime="20220920 18:18:32.149" endtime="20220920 18:18:34.276"/>
</kw>
<kw name="Click Element" library="SeleniumLibrary">
<arg>${logoutButton}</arg>
<doc>Click the element identified by ``locator``.</doc>
<msg timestamp="20220920 18:18:34.278" level="INFO">Clicking element 'xpath://a[contains(text(),'Logout')]'.</msg>
<status status="PASS" starttime="20220920 18:18:34.277" endtime="20220920 18:18:40.330"/>
</kw>
<kw name="Close My Browser" library="LoginKeywords">
<kw name="Close All Browsers" library="SeleniumLibrary">
<doc>Closes all open browsers and resets the browser cache.</doc>
<status status="PASS" starttime="20220920 18:18:40.332" endtime="20220920 18:18:43.037"/>
</kw>
<status status="PASS" starttime="20220920 18:18:40.331" endtime="20220920 18:18:43.037"/>
</kw>
<status status="PASS" starttime="20220920 18:17:49.942" endtime="20220920 18:18:43.038"/>
</kw>
<status status="PASS" starttime="20220920 18:17:49.939" endtime="20220920 18:18:43.039"/>
</test>
<status status="PASS" starttime="20220920 18:17:48.566" endtime="20220920 18:18:43.042"/>
</suite>
<status status="PASS" starttime="20220920 18:17:48.531" endtime="20220920 18:18:43.048"/>
</suite>
<statistics>
<total>
<stat pass="1" fail="0" skip="0">All Tests</stat>
</total>
<tag>
</tag>
<suite>
<stat pass="1" fail="0" skip="0" id="s1" name="Suites">Suites</stat>
<stat pass="1" fail="0" skip="0" id="s1-s1" name="LogIn">Suites.LogIn</stat>
</suite>
</statistics>
<errors>
</errors>
</robot>
